#
# An unexpected error has been detected by Java Runtime Environment:
#
#  EXCEPTION_IN_PAGE_ERROR (0xc0000006) at pc=0x7c342eee, pid=524, tid=2636
#
# Java VM: Java HotSpot(TM) Client VM (10.0-b23 mixed mode, sharing windows-x86)
# Problematic frame:
# C  [msvcr71.dll+0x2eee]
#
# If you would like to submit a bug report, please visit:
#   http://java.sun.com/webapps/bugreport/crash.jsp
# The crash happened outside the Java Virtual Machine in native code.
# See problematic frame for where to report the bug.
#

---------------  T H R E A D  ---------------

Current thread (0x0343f800):  JavaThread "AWT-EventQueue-0" [_thread_in_native, id=2636, stack(0x036b0000,0x03700000)]

siginfo: ExceptionCode=0xc0000006

Registers:
EAX=0x05271000, EBX=0x00001000, ECX=0x00000400, EDX=0x00000000
ESP=0x036ff280, EBP=0x036ff288, ESI=0x05270000, EDI=0x229e0574
EIP=0x7c342eee, EFLAGS=0x00010212

Top of Stack: (sp=0x036ff280)
0x036ff280:   229e0574 0343f8f4 036ff2a8 6d316f77
0x036ff290:   229e0574 05270000 00001000 2aa2f080
0x036ff2a0:   2b25b830 0343f800 036ff2fc 00969c91
0x036ff2b0:   0343f8f4 036ff304 05270000 00000000
0x036ff2c0:   036ff31c 00000000 00000000 00001000
0x036ff2d0:   00000000 0343f800 0343f800 036ff2dc
0x036ff2e0:   00000000 036ff324 2b25a228 00000000
0x036ff2f0:   2b25b830 00000000 036ff30c 036ff348 

Instructions: (pc=0x7c342eee)
0x7c342ede:   00 00 00 75 14 c1 e9 02 83 e2 03 83 f9 08 72 28
0x7c342eee:   f3 a5 ff 24 95 0c 30 34 7c 8b c7 ba 03 00 00 00 


Stack: [0x036b0000,0x03700000],  sp=0x036ff280,  free space=316k
Native frames: (J=compiled Java code, j=interpreted, Vv=VM code, C=native code)
C  [msvcr71.dll+0x2eee]
C  [java.dll+0x6f77]
v  ~BufferBlob::Interpreter
v  ~BufferBlob::Interpreter
v  ~BufferBlob::Interpreter
v  ~BufferBlob::Interpreter
v  ~BufferBlob::Interpreter
J  com.itextpdf.text.io.GetBufferedRandomAccessSource.get(J)I
J  com.itextpdf.text.pdf.RandomAccessFileOrArray.read()I
J  com.itextpdf.text.pdf.PRTokeniser.readString(I)Ljava/lang/String;
v  ~BufferBlob::Interpreter
v  ~BufferBlob::Interpreter
v  ~BufferBlob::Interpreter
v  ~BufferBlob::Interpreter
v  ~BufferBlob::Interpreter
v  ~BufferBlob::Interpreter
v  ~BufferBlob::Interpreter
v  ~BufferBlob::Interpreter
v  ~BufferBlob::Interpreter
v  ~BufferBlob::Interpreter
v  ~BufferBlob::Interpreter
v  ~BufferBlob::Interpreter
v  ~BufferBlob::Interpreter
v  ~BufferBlob::Interpreter
v  ~BufferBlob::Interpreter
v  ~BufferBlob::Interpreter
v  ~BufferBlob::Interpreter
v  ~BufferBlob::Interpreter
v  ~BufferBlob::Interpreter
v  ~BufferBlob::Interpreter
v  ~BufferBlob::Interpreter
v  ~BufferBlob::Interpreter
v  ~BufferBlob::Interpreter
v  ~BufferBlob::Interpreter
v  ~BufferBlob::Interpreter
v  ~BufferBlob::Interpreter
v  ~BufferBlob::Interpreter
v  ~BufferBlob::Interpreter
v  ~BufferBlob::Interpreter
v  ~BufferBlob::Interpreter
v  ~BufferBlob::Interpreter
v  ~BufferBlob::Interpreter
v  ~BufferBlob::Interpreter
v  ~BufferBlob::Interpreter
v  ~BufferBlob::Interpreter
v  ~BufferBlob::Interpreter
v  ~BufferBlob::Interpreter
v  ~BufferBlob::StubRoutines (1)

Java frames: (J=compiled Java code, j=interpreted, Vv=VM code)
v  ~BufferBlob::Interpreter
v  ~BufferBlob::Interpreter
v  ~BufferBlob::Interpreter
v  ~BufferBlob::Interpreter
v  ~BufferBlob::Interpreter
J  com.itextpdf.text.io.GetBufferedRandomAccessSource.get(J)I
J  com.itextpdf.text.pdf.RandomAccessFileOrArray.read()I
J  com.itextpdf.text.pdf.PRTokeniser.readString(I)Ljava/lang/String;
v  ~BufferBlob::Interpreter
v  ~BufferBlob::Interpreter
v  ~BufferBlob::Interpreter
v  ~BufferBlob::Interpreter
v  ~BufferBlob::Interpreter
v  ~BufferBlob::Interpreter
v  ~BufferBlob::Interpreter
v  ~BufferBlob::Interpreter
v  ~BufferBlob::Interpreter
v  ~BufferBlob::Interpreter
v  ~BufferBlob::Interpreter
v  ~BufferBlob::Interpreter
v  ~BufferBlob::Interpreter
v  ~BufferBlob::Interpreter
v  ~BufferBlob::Interpreter
v  ~BufferBlob::Interpreter
v  ~BufferBlob::Interpreter
v  ~BufferBlob::Interpreter
v  ~BufferBlob::Interpreter
v  ~BufferBlob::Interpreter
v  ~BufferBlob::Interpreter
v  ~BufferBlob::Interpreter
v  ~BufferBlob::Interpreter
v  ~BufferBlob::Interpreter
v  ~BufferBlob::Interpreter
v  ~BufferBlob::Interpreter
v  ~BufferBlob::Interpreter
v  ~BufferBlob::Interpreter
v  ~BufferBlob::Interpreter
v  ~BufferBlob::Interpreter
v  ~BufferBlob::Interpreter
v  ~BufferBlob::Interpreter
v  ~BufferBlob::Interpreter
v  ~BufferBlob::Interpreter
v  ~BufferBlob::Interpreter
v  ~BufferBlob::Interpreter
v  ~BufferBlob::Interpreter
v  ~BufferBlob::StubRoutines (1)

---------------  P R O C E S S  ---------------

Java Threads: ( => current thread )
  0x03471800 JavaThread "Swing-Shell" daemon [_thread_blocked, id=3220, stack(0x04aa0000,0x04af0000)]
  0x00845800 JavaThread "DestroyJavaVM" [_thread_blocked, id=4072, stack(0x008e0000,0x00930000)]
  0x03469c00 JavaThread "TimerQueue" daemon [_thread_blocked, id=660, stack(0x03a20000,0x03a70000)]
=>0x0343f800 JavaThread "AWT-EventQueue-0" [_thread_in_native, id=2636, stack(0x036b0000,0x03700000)]
  0x02b48400 JavaThread "AWT-Windows" daemon [_thread_in_native, id=3816, stack(0x02f30000,0x02f80000)]
  0x02b47c00 JavaThread "AWT-Shutdown" [_thread_blocked, id=3060, stack(0x02ee0000,0x02f30000)]
  0x02b45c00 JavaThread "Java2D Disposer" daemon [_thread_blocked, id=2832, stack(0x02e90000,0x02ee0000)]
  0x02ace000 JavaThread "Low Memory Detector" daemon [_thread_blocked, id=868, stack(0x02d80000,0x02dd0000)]
  0x02ac8000 JavaThread "CompilerThread0" daemon [_thread_blocked, id=2396, stack(0x02d30000,0x02d80000)]
  0x02ac7000 JavaThread "Attach Listener" daemon [_thread_blocked, id=2648, stack(0x02ce0000,0x02d30000)]
  0x02ac6000 JavaThread "Signal Dispatcher" daemon [_thread_blocked, id=1136, stack(0x02c90000,0x02ce0000)]
  0x02ac1800 JavaThread "Finalizer" daemon [_thread_blocked, id=500, stack(0x02c40000,0x02c90000)]
  0x02abd400 JavaThread "Reference Handler" daemon [_thread_blocked, id=340, stack(0x02bf0000,0x02c40000)]

Other Threads:
  0x02abc000 VMThread [stack: 0x02ba0000,0x02bf0000] [id=3128]
  0x02ad7800 WatcherThread [stack: 0x02dd0000,0x02e20000] [id=2108]

VM state:not at safepoint (normal execution)

VM Mutex/Monitor currently owned by a thread: None

Heap
 def new generation   total 1920K, used 225K [0x229e0000, 0x22bf0000, 0x22ec0000)
  eden space 1728K,   1% used [0x229e0000, 0x229e8408, 0x22b90000)
  from space 192K, 100% used [0x22bc0000, 0x22bf0000, 0x22bf0000)
  to   space 192K,   0% used [0x22b90000, 0x22b90000, 0x22bc0000)
 tenured generation   total 24536K, used 15301K [0x22ec0000, 0x246b6000, 0x269e0000)
   the space 24536K,  62% used [0x22ec0000, 0x23db1738, 0x23db1800, 0x246b6000)
 compacting perm gen  total 12288K, used 2570K [0x269e0000, 0x275e0000, 0x2a9e0000)
   the space 12288K,  20% used [0x269e0000, 0x26c62898, 0x26c62a00, 0x275e0000)
    ro space 8192K,  62% used [0x2a9e0000, 0x2aee2ba0, 0x2aee2c00, 0x2b1e0000)
    rw space 12288K,  52% used [0x2b1e0000, 0x2b8288e0, 0x2b828a00, 0x2bde0000)

Dynamic libraries:
0x00400000 - 0x00423000 	C:\Archivos de programa\Java\jre1.6.0_07\bin\javaw.exe
0x7c910000 - 0x7c9c8000 	C:\WINDOWS\system32\ntdll.dll
0x7c800000 - 0x7c903000 	C:\WINDOWS\system32\kernel32.dll
0x77da0000 - 0x77e4c000 	C:\WINDOWS\system32\ADVAPI32.dll
0x77e50000 - 0x77ee3000 	C:\WINDOWS\system32\RPCRT4.dll
0x77fc0000 - 0x77fd1000 	C:\WINDOWS\system32\Secur32.dll
0x7e390000 - 0x7e421000 	C:\WINDOWS\system32\USER32.dll
0x77ef0000 - 0x77f39000 	C:\WINDOWS\system32\GDI32.dll
0x76340000 - 0x7635d000 	C:\WINDOWS\system32\IMM32.DLL
0x10000000 - 0x10015000 	C:\WINDOWS\system32\AMINIT32.DLL
0x7c340000 - 0x7c396000 	C:\Archivos de programa\Java\jre1.6.0_07\bin\msvcr71.dll
0x6d7c0000 - 0x6da10000 	C:\Archivos de programa\Java\jre1.6.0_07\bin\client\jvm.dll
0x76b00000 - 0x76b2e000 	C:\WINDOWS\system32\WINMM.dll
0x6d270000 - 0x6d278000 	C:\Archivos de programa\Java\jre1.6.0_07\bin\hpi.dll
0x76bb0000 - 0x76bbb000 	C:\WINDOWS\system32\PSAPI.DLL
0x6d770000 - 0x6d77c000 	C:\Archivos de programa\Java\jre1.6.0_07\bin\verify.dll
0x6d310000 - 0x6d32f000 	C:\Archivos de programa\Java\jre1.6.0_07\bin\java.dll
0x6d7b0000 - 0x6d7bf000 	C:\Archivos de programa\Java\jre1.6.0_07\bin\zip.dll
0x6d000000 - 0x6d12e000 	C:\Archivos de programa\Java\jre1.6.0_07\bin\awt.dll
0x72f80000 - 0x72fa6000 	C:\WINDOWS\system32\WINSPOOL.DRV
0x77be0000 - 0x77c38000 	C:\WINDOWS\system32\msvcrt.dll
0x774b0000 - 0x775ee000 	C:\WINDOWS\system32\ole32.dll
0x5b150000 - 0x5b188000 	C:\WINDOWS\system32\uxtheme.dll
0x736e0000 - 0x7372b000 	C:\WINDOWS\system32\ddraw.dll
0x73b40000 - 0x73b46000 	C:\WINDOWS\system32\DCIMAN32.dll
0x6d210000 - 0x6d263000 	C:\Archivos de programa\Java\jre1.6.0_07\bin\fontmanager.dll
0x746b0000 - 0x746fc000 	C:\WINDOWS\system32\MSCTF.dll
0x75160000 - 0x7518e000 	C:\WINDOWS\system32\msctfime.ime
0x7e6a0000 - 0x7eec1000 	C:\WINDOWS\system32\shell32.dll
0x77f40000 - 0x77fb6000 	C:\WINDOWS\system32\SHLWAPI.dll
0x773a0000 - 0x774a3000 	C:\WINDOWS\WinSxS\x86_Microsoft.Windows.Common-Controls_6595b64144ccf1df_6.0.2600.6028_x-ww_61e65202\comctl32.dll
0x58c30000 - 0x58cca000 	C:\WINDOWS\system32\comctl32.dll
0x6d570000 - 0x6d583000 	C:\Archivos de programa\Java\jre1.6.0_07\bin\net.dll
0x71a30000 - 0x71a47000 	C:\WINDOWS\system32\WS2_32.dll
0x71a20000 - 0x71a28000 	C:\WINDOWS\system32\WS2HELP.dll
0x6d590000 - 0x6d599000 	C:\Archivos de programa\Java\jre1.6.0_07\bin\nio.dll
0x770f0000 - 0x7717b000 	C:\WINDOWS\system32\OLEAUT32.DLL
0x597f0000 - 0x59845000 	C:\WINDOWS\system32\netapi32.dll
0x71aa0000 - 0x71ab2000 	C:\WINDOWS\system32\MPR.dll
0x60f80000 - 0x60f86000 	C:\Archivos de programa\Symantec\Symantec Endpoint Protection\SnacNp.dll
0x75f10000 - 0x75f17000 	C:\WINDOWS\System32\drprov.dll
0x71bb0000 - 0x71bbe000 	C:\WINDOWS\System32\ntlanman.dll
0x71c70000 - 0x71c87000 	C:\WINDOWS\System32\NETUI0.dll
0x71c30000 - 0x71c70000 	C:\WINDOWS\System32\NETUI1.dll
0x71c20000 - 0x71c27000 	C:\WINDOWS\System32\NETRAP.dll
0x71b90000 - 0x71ba3000 	C:\WINDOWS\System32\SAMLIB.dll
0x75f20000 - 0x75f2a000 	C:\WINDOWS\System32\davclnt.dll
0x778f0000 - 0x779e7000 	C:\WINDOWS\system32\SETUPAPI.dll
0x77b10000 - 0x77b32000 	C:\WINDOWS\system32\appHelp.dll
0x76f90000 - 0x7700f000 	C:\WINDOWS\system32\CLBCATQ.DLL
0x77010000 - 0x770e0000 	C:\WINDOWS\system32\COMRes.dll
0x77bd0000 - 0x77bd8000 	C:\WINDOWS\system32\VERSION.dll
0x16210000 - 0x1648e000 	C:\WINDOWS\system32\wpdshext.dll
0x4eba0000 - 0x4ed4b000 	C:\WINDOWS\WinSxS\x86_Microsoft.Windows.GdiPlus_6595b64144ccf1df_1.0.6002.23084_x-ww_f3f35550\gdiplus.dll
0x10930000 - 0x10979000 	C:\WINDOWS\system32\PortableDeviceApi.dll
0x76bf0000 - 0x76c1e000 	C:\WINDOWS\system32\WINTRUST.dll
0x77a50000 - 0x77ae6000 	C:\WINDOWS\system32\CRYPT32.dll
0x77af0000 - 0x77b02000 	C:\WINDOWS\system32\MSASN1.dll
0x76c50000 - 0x76c78000 	C:\WINDOWS\system32\IMAGEHLP.dll
0x07160000 - 0x071a6000 	C:\WINDOWS\system32\Audiodev.dll
0x15110000 - 0x1536d000 	C:\WINDOWS\system32\WMVCore.DLL
0x11c70000 - 0x11caa000 	C:\WINDOWS\system32\WMASF.DLL
0x4eee0000 - 0x4ef73000 	C:\WINDOWS\system32\wiashext.dll
0x3fa00000 - 0x3fae7000 	C:\WINDOWS\system32\WININET.dll
0x039e0000 - 0x039e9000 	C:\WINDOWS\system32\Normaliz.dll
0x44430000 - 0x44564000 	C:\WINDOWS\system32\urlmon.dll
0x400a0000 - 0x4028c000 	C:\WINDOWS\system32\iertutil.dll
0x04e10000 - 0x050e6000 	C:\WINDOWS\system32\xpsp2res.dll
0x73b20000 - 0x73b34000 	C:\WINDOWS\system32\sti.dll
0x74a70000 - 0x74a77000 	C:\WINDOWS\system32\CFGMGR32.dll
0x76940000 - 0x76948000 	C:\WINDOWS\system32\LINKINFO.dll
0x76950000 - 0x76976000 	C:\WINDOWS\system32\ntshrui.dll
0x76ae0000 - 0x76af1000 	C:\WINDOWS\system32\ATL.DLL
0x76630000 - 0x766e5000 	C:\WINDOWS\system32\USERENV.dll
0x05190000 - 0x051f3000 	C:\Archivos de programa\Archivos comunes\Adobe\Acrobat\ActiveX\PDFShell.dll
0x78480000 - 0x7850d000 	C:\WINDOWS\WinSxS\x86_Microsoft.VC90.CRT_1fc8b3b9a1e18e3b_9.0.21022.8_x-ww_d08d0375\MSVCP90.dll
0x78520000 - 0x785c3000 	C:\WINDOWS\WinSxS\x86_Microsoft.VC90.CRT_1fc8b3b9a1e18e3b_9.0.21022.8_x-ww_d08d0375\MSVCR90.dll
0x05200000 - 0x0524b000 	C:\Archivos de programa\Archivos comunes\Adobe\Acrobat\ActiveX\PDFShell.ESP
0x75dd0000 - 0x75e61000 	C:\WINDOWS\system32\MLANG.dll

VM Arguments:
jvm_args: -Dfile.encoding=Cp1252 
java_command: Inicio
Launcher Type: SUN_STANDARD

Environment Variables:
PATH=C:/Archivos de programa/Java/jre1.6.0_07/bin/client;C:/Archivos de programa/Java/jre1.6.0_07/bin;C:/Archivos de programa/Java/jre1.6.0_07/lib/i386;C:\WINDOWS\system32;C:\WINDOWS;C:\WINDOWS\System32\Wbem;C:\WINDOWS\system32\WindowsPowerShell\v1.0;C:\WINDOWS\system32\WindowsPowerShell\v1.0;C:\Archivos de programa\Symantec\pcAnywhere\;C:\Archivos de programa\Enterprise Vault\EVClient\;C:\Archivos de programa\Oberthur Technologies\AuthentIC Webpack\Dlls;D:\Programas\eclipse Juno;
USERNAME=cahcpon
OS=Windows_NT
PROCESSOR_IDENTIFIER=x86 Family 6 Model 23 Stepping 10, GenuineIntel



---------------  S Y S T E M  ---------------

OS: Windows XP Build 2600 Service Pack 3

CPU:total 2 (2 cores per cpu, 1 threads per core) family 6 model 7 stepping 10, cmov, cx8, fxsr, mmx, sse, sse2, sse3, ssse3

Memory: 4k page, physical 2077872k(1131244k free), swap 4017672k(3116400k free)

vm_info: Java HotSpot(TM) Client VM (10.0-b23) for windows-x86 JRE (1.6.0_07-b06), built on Jun 10 2008 01:14:11 by "java_re" with MS VC++ 7.1

time: Tue Apr 22 09:08:56 2014
elapsed time: 125 seconds

